#
# A fatal error has been detected by the Java Runtime Environment:
#
#  SIGBUS (0x7) at pc=0xb6964ecd, pid=21382, tid=3064130416
#
# JRE version: 6.0_26-b03
# Java VM: Java HotSpot(TM) Server VM (20.1-b02 mixed mode linux-x86 )
# Problematic frame:
# C  [libzip.so+0xbecd]  __int128+0x5d
#
# If you would like to submit a bug report, please visit:
#   http://java.sun.com/webapps/bugreport/crash.jsp
# The crash happened outside the Java Virtual Machine in native code.
# See problematic frame for where to report the bug.
#

---------------  T H R E A D  ---------------

Current thread (0x08cd5000):  JavaThread "main" [_thread_in_native, id=21399, stack(0xb69de000,0xb6a2f000)]

siginfo:si_signo=SIGBUS: si_errno=0, si_code=2 (BUS_ADRERR), si_addr=0x81f81320

Registers:
EAX=0x08da4ff0, EBX=0xb6969abc, ECX=0x81f80000, EDX=0x00518000
ESP=0xb6a2ddf0, EBP=0xb6a2de18, ESI=0x81f81303, EDI=0x08e81588
EIP=0xb6964ecd, EFLAGS=0x00010286, CR2=0x81f81320

Top of Stack: (sp=0xb6a2ddf0)
0xb6a2ddf0:   00000030 00000001 00000000 00000000
0xb6a2de00:   08da50b0 b6969abc b6964e7b b6969abc
0xb6a2de10:   0000001a 08da4ff0 b6a2de38 b69653bd
0xb6a2de20:   08da4ff0 08da5250 00000001 b6969abc
0xb6a2de30:   82c26c38 08cd5000 b6a2de58 b695c1d6
0xb6a2de40:   08da4ff0 0000001a 00000000 82c26a78
0xb6a2de50:   00000000 82c26c38 b6a2de94 b396364a
0xb6a2de60:   08cd5120 b6a2de9c 08da4ff0 00000000 

Instructions: (pc=0xb6964ecd)
0xb6964ead:   47 20 00 00 00 00 8b 45 08 80 78 24 00 0f 84 57
0xb6964ebd:   02 00 00 8b 76 04 8b 48 10 8b 50 1c 01 ce 29 d6
0xb6964ecd:   0f b6 46 1d 0f b6 4e 1c c1 e0 08 09 c1 89 4d f0
0xb6964edd:   0f b6 46 1e 89 45 ec 0f b6 46 1f c1 e0 08 09 45 

Register to memory mapping:

EAX=0x08da4ff0 is an unknown value
EBX=0xb6969abc: <offset 0x10abc> in /usr/lib/jvm/java-6-sun-1.6.0.26/jre/lib/i386/libzip.so at 0xb6959000
ECX=0x81f80000 is an unknown value
EDX=0x00518000 is an unknown value
ESP=0xb6a2ddf0 is pointing into the stack for thread: 0x08cd5000
EBP=0xb6a2de18 is pointing into the stack for thread: 0x08cd5000
ESI=0x81f81303 is an unknown value
EDI=0x08e81588 is an unknown value


Stack: [0xb69de000,0xb6a2f000],  sp=0xb6a2ddf0,  free space=319k
Native frames: (J=compiled Java code, j=interpreted, Vv=VM code, C=native code)
C  [libzip.so+0xbecd]  __int128+0x5d
C  [libzip.so+0xc3bd]  ZIP_GetNextEntry+0x5d
C  [libzip.so+0x31d6]  Java_java_util_zip_ZipFile_getNextEntry+0x26
j  java.util.zip.ZipFile.getNextEntry(JI)J+0
j  java.util.zip.ZipFile.access$400(JI)J+2
j  java.util.zip.ZipFile$2.nextElement()Ljava/util/zip/ZipEntry;+54
j  java.util.zip.ZipFile$2.nextElement()Ljava/lang/Object;+1
j  sun.security.tools.JarSigner.signJar(Ljava/lang/String;Ljava/lang/String;[Ljava/lang/String;)V+1830
j  sun.security.tools.JarSigner.run([Ljava/lang/String;)V+354
j  sun.security.tools.JarSigner.main([Ljava/lang/String;)V+10
v  ~StubRoutines::call_stub
V  [libjvm.so+0x3dff01]  JavaCalls::call_helper(JavaValue*, methodHandle*, JavaCallArguments*, Thread*)+0x1c1
V  [libjvm.so+0x5e1298]  os::os_exception_wrapper(void (*)(JavaValue*, methodHandle*, JavaCallArguments*, Thread*), JavaValue*, methodHandle*, JavaCallArguments*, Thread*)+0x18
V  [libjvm.so+0x3dfd2f]  JavaCalls::call(JavaValue*, methodHandle, JavaCallArguments*, Thread*)+0x2f
V  [libjvm.so+0x414274]  jni_invoke_static(JNIEnv_*, JavaValue*, _jobject*, JNICallType, _jmethodID*, JNI_ArgumentPusher*, Thread*)+0x124
V  [libjvm.so+0x40389c]  unsigned+0x14c
C  [jarsigner+0x1af8]  JavaMain+0x2c8
C  [libpthread.so.0+0x5e99]  short+0xd9

Java frames: (J=compiled Java code, j=interpreted, Vv=VM code)
j  java.util.zip.ZipFile.getNextEntry(JI)J+0
j  java.util.zip.ZipFile.access$400(JI)J+2
j  java.util.zip.ZipFile$2.nextElement()Ljava/util/zip/ZipEntry;+54
j  java.util.zip.ZipFile$2.nextElement()Ljava/lang/Object;+1
j  sun.security.tools.JarSigner.signJar(Ljava/lang/String;Ljava/lang/String;[Ljava/lang/String;)V+1830
j  sun.security.tools.JarSigner.run([Ljava/lang/String;)V+354
j  sun.security.tools.JarSigner.main([Ljava/lang/String;)V+10
v  ~StubRoutines::call_stub

---------------  P R O C E S S  ---------------

Java Threads: ( => current thread )
  0x08d6dc00 JavaThread "Low Memory Detector" daemon [_thread_blocked, id=21408, stack(0x82063000,0x820b4000)]
  0x08d6b800 JavaThread "C2 CompilerThread1" daemon [_thread_blocked, id=21407, stack(0x820b4000,0x82135000)]
  0x08d69800 JavaThread "C2 CompilerThread0" daemon [_thread_blocked, id=21406, stack(0x82135000,0x821b6000)]
  0x08d67c00 JavaThread "Signal Dispatcher" daemon [_thread_blocked, id=21405, stack(0x821b6000,0x82207000)]
  0x08d56400 JavaThread "Finalizer" daemon [_thread_blocked, id=21404, stack(0x82407000,0x82458000)]
  0x08d54c00 JavaThread "Reference Handler" daemon [_thread_blocked, id=21403, stack(0x82458000,0x824a9000)]
=>0x08cd5000 JavaThread "main" [_thread_in_native, id=21399, stack(0xb69de000,0xb6a2f000)]

Other Threads:
  0x08d51000 VMThread [stack: 0x824a9000,0x8252a000] [id=21402]
  0x08d6fc00 WatcherThread [stack: 0x81fe2000,0x82063000] [id=21409]

VM state:not at safepoint (normal execution)

VM Mutex/Monitor currently owned by a thread: None

Heap
 PSYoungGen      total 3584K, used 1361K [0xa4940000, 0xa4d40000, 0xb3890000)
  eden space 3072K, 28% used [0xa4940000,0xa4a177f8,0xa4c40000)
  from space 512K, 97% used [0xa4cc0000,0xa4d3cf78,0xa4d40000)
  to   space 512K, 0% used [0xa4c40000,0xa4c40000,0xa4cc0000)
 PSOldGen        total 5504K, used 132K [0x86a90000, 0x86ff0000, 0xa4940000)
  object space 5504K, 2% used [0x86a90000,0x86ab1070,0x86ff0000)
 PSPermGen       total 16384K, used 3557K [0x82a90000, 0x83a90000, 0x86a90000)
  object space 16384K, 21% used [0x82a90000,0x82e09738,0x83a90000)

Code Cache  [0xb3959000, 0xb3b99000, 0xb6959000)
 total_blobs=156 nmethods=44 adapters=67 free_code_cache=49948672 largest_free_block=9856

Dynamic libraries:
08048000-08052000 r-xp 00000000 08:06 553043     /usr/lib/jvm/java-6-sun-1.6.0.26/bin/jarsigner
08052000-08053000 rwxp 00009000 08:06 553043     /usr/lib/jvm/java-6-sun-1.6.0.26/bin/jarsigner
08ccf000-090b2000 rwxp 00000000 00:00 0          [heap]
81e00000-81e84000 rwxp 00000000 00:00 0 
81e84000-81f00000 ---p 00000000 00:00 0 
81f80000-81f83000 r-xs 00518000 08:06 821505     /home/jo/omadi/omadi_mobile/build/android/bin/app-unsigned.apk
81f83000-81fe2000 r-xs 00baa000 08:06 553186     /usr/lib/jvm/java-6-sun-1.6.0.26/lib/tools.jar
81fe2000-81fe3000 ---p 00000000 00:00 0 
81fe3000-82063000 rwxp 00000000 00:00 0 
82063000-82066000 ---p 00000000 00:00 0 
82066000-820b4000 rwxp 00000000 00:00 0 
820b4000-820b7000 ---p 00000000 00:00 0 
820b7000-82135000 rwxp 00000000 00:00 0 
82135000-82138000 ---p 00000000 00:00 0 
82138000-821b6000 rwxp 00000000 00:00 0 
821b6000-821b9000 ---p 00000000 00:00 0 
821b9000-82207000 rwxp 00000000 00:00 0 
82207000-82407000 r-xp 00000000 08:06 532636     /usr/lib/locale/locale-archive
82407000-8240a000 ---p 00000000 00:00 0 
8240a000-82458000 rwxp 00000000 00:00 0 
82458000-8245b000 ---p 00000000 00:00 0 
8245b000-824a9000 rwxp 00000000 00:00 0 
824a9000-824aa000 ---p 00000000 00:00 0 
824aa000-8255e000 rwxp 00000000 00:00 0 
8255e000-826f6000 r-xs 03029000 08:06 553017     /usr/lib/jvm/java-6-sun-1.6.0.26/jre/lib/rt.jar
826f6000-826f7000 ---p 00000000 00:00 0 
826f7000-82777000 rwxp 00000000 00:00 0 
82777000-82778000 ---p 00000000 00:00 0 
82778000-82800000 rwxp 00000000 00:00 0 
82800000-82818000 rwxp 00000000 00:00 0 
82818000-8281b000 rwxp 00000000 00:00 0 
8281b000-82908000 rwxp 00000000 00:00 0 
82908000-82910000 rwxp 00000000 00:00 0 
82910000-82928000 rwxp 00000000 00:00 0 
82928000-8292b000 rwxp 00000000 00:00 0 
8292b000-82a17000 rwxp 00000000 00:00 0 
82a17000-82a1a000 rwxp 00000000 00:00 0 
82a1a000-82a8f000 rwxp 00000000 00:00 0 
82a8f000-83a90000 rwxp 00000000 00:00 0 
83a90000-86a90000 rwxp 00000000 00:00 0 
86a90000-86ff0000 rwxp 00000000 00:00 0 
86ff0000-a4940000 rwxp 00000000 00:00 0 
a4940000-a4d40000 rwxp 00000000 00:00 0 
a4d40000-b3890000 rwxp 00000000 00:00 0 
b3891000-b3899000 r-xs 00115000 08:06 553039     /usr/lib/jvm/java-6-sun-1.6.0.26/jre/lib/resources.jar
b3899000-b38a2000 rwxp 00000000 00:00 0 
b38a2000-b3959000 rwxp 00000000 00:00 0 
b3959000-b3b99000 rwxp 00000000 00:00 0 
b3b99000-b6959000 rwxp 00000000 00:00 0 
b6959000-b6968000 r-xp 00000000 08:06 529053     /usr/lib/jvm/java-6-sun-1.6.0.26/jre/lib/i386/libzip.so
b6968000-b696a000 rwxp 0000e000 08:06 529053     /usr/lib/jvm/java-6-sun-1.6.0.26/jre/lib/i386/libzip.so
b696a000-b6974000 r-xp 00000000 08:06 927560     /lib/i386-linux-gnu/libnss_files-2.13.so
b6974000-b6975000 r-xp 00009000 08:06 927560     /lib/i386-linux-gnu/libnss_files-2.13.so
b6975000-b6976000 rwxp 0000a000 08:06 927560     /lib/i386-linux-gnu/libnss_files-2.13.so
b6976000-b697f000 r-xp 00000000 08:06 927655     /lib/i386-linux-gnu/libnss_nis-2.13.so
b697f000-b6980000 r-xp 00008000 08:06 927655     /lib/i386-linux-gnu/libnss_nis-2.13.so
b6980000-b6981000 rwxp 00009000 08:06 927655     /lib/i386-linux-gnu/libnss_nis-2.13.so
b6981000-b6987000 r-xp 00000000 08:06 927457     /lib/i386-linux-gnu/libnss_compat-2.13.so
b6987000-b6988000 r-xp 00005000 08:06 927457     /lib/i386-linux-gnu/libnss_compat-2.13.so
b6988000-b6989000 rwxp 00006000 08:06 927457     /lib/i386-linux-gnu/libnss_compat-2.13.so
b6989000-b699c000 r-xp 00000000 08:06 927433     /lib/i386-linux-gnu/libnsl-2.13.so
b699c000-b699d000 r-xp 00012000 08:06 927433     /lib/i386-linux-gnu/libnsl-2.13.so
b699d000-b699e000 rwxp 00013000 08:06 927433     /lib/i386-linux-gnu/libnsl-2.13.so
b699e000-b69a0000 rwxp 00000000 00:00 0 
b69a1000-b69a5000 r-xs 00035000 08:06 267183     /usr/lib/jvm/java-6-sun-1.6.0.26/jre/lib/ext/sunpkcs11.jar
b69a5000-b69a8000 r-xs 00013000 08:06 529890     /usr/lib/jvm/java-6-sun-1.6.0.26/jre/lib/jce.jar
b69a8000-b69b0000 rwxs 00000000 08:06 392605     /tmp/hsperfdata_jo/21382
b69b0000-b69d3000 r-xp 00000000 08:06 529017     /usr/lib/jvm/java-6-sun-1.6.0.26/jre/lib/i386/libjava.so
b69d3000-b69d5000 rwxp 00023000 08:06 529017     /usr/lib/jvm/java-6-sun-1.6.0.26/jre/lib/i386/libjava.so
b69d5000-b69dc000 r-xp 00000000 08:06 927838     /lib/i386-linux-gnu/librt-2.13.so
b69dc000-b69dd000 r-xp 00006000 08:06 927838     /lib/i386-linux-gnu/librt-2.13.so
b69dd000-b69de000 rwxp 00007000 08:06 927838     /lib/i386-linux-gnu/librt-2.13.so
b69de000-b69e1000 ---p 00000000 00:00 0 
b69e1000-b6a2f000 rwxp 00000000 00:00 0 
b6a2f000-b6a53000 r-xp 00000000 08:06 927198     /lib/i386-linux-gnu/libm-2.13.so
b6a53000-b6a54000 r-xp 00023000 08:06 927198     /lib/i386-linux-gnu/libm-2.13.so
b6a54000-b6a55000 rwxp 00024000 08:06 927198     /lib/i386-linux-gnu/libm-2.13.so
b6a55000-b7207000 r-xp 00000000 08:06 532663     /usr/lib/jvm/java-6-sun-1.6.0.26/jre/lib/i386/server/libjvm.so
b7207000-b725b000 rwxp 007b1000 08:06 532663     /usr/lib/jvm/java-6-sun-1.6.0.26/jre/lib/i386/server/libjvm.so
b725b000-b767a000 rwxp 00000000 00:00 0 
b767a000-b77d6000 r-xp 00000000 08:06 925080     /lib/i386-linux-gnu/libc-2.13.so
b77d6000-b77d8000 r-xp 0015c000 08:06 925080     /lib/i386-linux-gnu/libc-2.13.so
b77d8000-b77d9000 rwxp 0015e000 08:06 925080     /lib/i386-linux-gnu/libc-2.13.so
b77d9000-b77dc000 rwxp 00000000 00:00 0 
b77dc000-b77de000 r-xp 00000000 08:06 927169     /lib/i386-linux-gnu/libdl-2.13.so
b77de000-b77df000 r-xp 00001000 08:06 927169     /lib/i386-linux-gnu/libdl-2.13.so
b77df000-b77e0000 rwxp 00002000 08:06 927169     /lib/i386-linux-gnu/libdl-2.13.so
b77e0000-b77e7000 r-xp 00000000 08:06 529228     /usr/lib/jvm/java-6-sun-1.6.0.26/jre/lib/i386/jli/libjli.so
b77e7000-b77e9000 rwxp 00006000 08:06 529228     /usr/lib/jvm/java-6-sun-1.6.0.26/jre/lib/i386/jli/libjli.so
b77e9000-b77ea000 rwxp 00000000 00:00 0 
b77ea000-b77ff000 r-xp 00000000 08:06 927706     /lib/i386-linux-gnu/libpthread-2.13.so
b77ff000-b7800000 r-xp 00015000 08:06 927706     /lib/i386-linux-gnu/libpthread-2.13.so
b7800000-b7801000 rwxp 00016000 08:06 927706     /lib/i386-linux-gnu/libpthread-2.13.so
b7801000-b7803000 rwxp 00000000 00:00 0 
b7804000-b7805000 r-xp 002a1000 08:06 532636     /usr/lib/locale/locale-archive
b7805000-b7806000 rwxp 00000000 00:00 0 
b7806000-b7807000 r-xp 00000000 00:00 0 
b7807000-b7812000 r-xp 00000000 08:06 552983     /usr/lib/jvm/java-6-sun-1.6.0.26/jre/lib/i386/libverify.so
b7812000-b7813000 rwxp 0000b000 08:06 552983     /usr/lib/jvm/java-6-sun-1.6.0.26/jre/lib/i386/libverify.so
b7813000-b7815000 rwxp 00000000 00:00 0 
b7815000-b7816000 r-xp 00000000 00:00 0          [vdso]
b7816000-b7832000 r-xp 00000000 08:06 920394     /lib/i386-linux-gnu/ld-2.13.so
b7832000-b7833000 r-xp 0001b000 08:06 920394     /lib/i386-linux-gnu/ld-2.13.so
b7833000-b7834000 rwxp 0001c000 08:06 920394     /lib/i386-linux-gnu/ld-2.13.so
bfd95000-bfdb6000 rwxp 00000000 00:00 0          [stack]

VM Arguments:
jvm_args: -Dapplication.home=/usr/lib/jvm/java-6-sun-1.6.0.26 -Xms8m 
java_command: sun.security.tools.JarSigner -storepass tirocks -keystore /home/jo/.titanium/mobilesdk/linux/1.8.2/android/dev_keystore -signedjar /home/jo/omadi/omadi_mobile/build/android/bin/app.apk /home/jo/omadi/omadi_mobile/build/android/bin/app-unsigned.apk tidev
Launcher Type: SUN_STANDARD

Environment Variables:
JAVA_HOME=/usr/lib/jvm/java-6-sun-1.6.0.06
PATH=/usr/local/sbin:/usr/local/bin:/usr/sbin:/usr/bin:/sbin:/bin:/usr/games:/usr/lib/jvm/java-6-sun-1.6.0.06/bin
USERNAME=jo
LD_LIBRARY_PATH=/usr/lib/jvm/java-6-sun-1.6.0.26/jre/lib/i386/server:/usr/lib/jvm/java-6-sun-1.6.0.26/jre/lib/i386:/usr/lib/jvm/java-6-sun-1.6.0.26/jre/../lib/i386:/usr/lib/jvm/java-6-openjdk/jre/lib/i386/client:/usr/lib/jvm/java-6-openjdk/jre/lib/i386:
SHELL=/bin/bash
DISPLAY=:0.0

Signal Handlers:
SIGSEGV: [libjvm.so+0x725510], sa_mask[0]=0x7ffbfeff, sa_flags=0x10000004
SIGBUS: [libjvm.so+0x725510], sa_mask[0]=0x7ffbfeff, sa_flags=0x10000004
SIGFPE: [libjvm.so+0x5dff20], sa_mask[0]=0x7ffbfeff, sa_flags=0x10000004
SIGPIPE: [libjvm.so+0x5dff20], sa_mask[0]=0x7ffbfeff, sa_flags=0x10000004
SIGXFSZ: [libjvm.so+0x5dff20], sa_mask[0]=0x7ffbfeff, sa_flags=0x10000004
SIGILL: [libjvm.so+0x5dff20], sa_mask[0]=0x7ffbfeff, sa_flags=0x10000004
SIGUSR1: SIG_DFL, sa_mask[0]=0x00000000, sa_flags=0x00000000
SIGUSR2: [libjvm.so+0x5e3160], sa_mask[0]=0x00000004, sa_flags=0x10000004
SIGHUP: [libjvm.so+0x5e2d40], sa_mask[0]=0x7ffbfeff, sa_flags=0x10000004
SIGINT: [libjvm.so+0x5e2d40], sa_mask[0]=0x7ffbfeff, sa_flags=0x10000004
SIGTERM: [libjvm.so+0x5e2d40], sa_mask[0]=0x7ffbfeff, sa_flags=0x10000004
SIGQUIT: [libjvm.so+0x5e2d40], sa_mask[0]=0x7ffbfeff, sa_flags=0x10000004


---------------  S Y S T E M  ---------------

OS:squeeze/sid

uname:Linux 2.6.38-13-generic #56-Ubuntu SMP Tue Feb 14 12:40:40 UTC 2012 i686
libc:glibc 2.13 NPTL 2.13 
rlimit: STACK 8192k, CORE 0k, NPROC infinity, NOFILE 4096, AS infinity
load average:4.33 1.61 0.86

/proc/meminfo:
MemTotal:        2933260 kB
MemFree:          978312 kB
Buffers:           11364 kB
Cached:           527044 kB
SwapCached:         6728 kB
Active:          1092040 kB
Inactive:         744996 kB
Active(anon):     957300 kB
Inactive(anon):   614628 kB
Active(file):     134740 kB
Inactive(file):   130368 kB
Unevictable:          32 kB
Mlocked:              32 kB
HighTotal:       2071992 kB
HighFree:         436072 kB
LowTotal:         861268 kB
LowFree:          542240 kB
SwapTotal:       4028412 kB
SwapFree:        3989340 kB
Dirty:              1800 kB
Writeback:             0 kB
AnonPages:       1291848 kB
Mapped:           168056 kB
Shmem:            273384 kB
Slab:              61520 kB
SReclaimable:      38236 kB
SUnreclaim:        23284 kB
KernelStack:        4584 kB
PageTables:        10416 kB
NFS_Unstable:          0 kB
Bounce:                0 kB
WritebackTmp:          0 kB
CommitLimit:     5495040 kB
Committed_AS:    4364248 kB
VmallocTotal:     122880 kB
VmallocUsed:       43584 kB
VmallocChunk:      16096 kB
HardwareCorrupted:     0 kB
HugePages_Total:       0
HugePages_Free:        0
HugePages_Rsvd:        0
HugePages_Surp:        0
Hugepagesize:       4096 kB
DirectMap4k:      118776 kB
DirectMap4M:      790528 kB


CPU:total 2 (2 cores per cpu, 1 threads per core) family 6 model 23 stepping 10, cmov, cx8, fxsr, mmx, sse, sse2, sse3, ssse3, sse4.1

/proc/cpuinfo:
processor	: 0
vendor_id	: GenuineIntel
cpu family	: 6
model		: 23
model name	: Intel(R) Core(TM)2 Duo CPU     T6400  @ 2.00GHz
stepping	: 10
cpu MHz		: 2000.000
cache size	: 2048 KB
physical id	: 0
siblings	: 2
core id		: 0
cpu cores	: 2
apicid		: 0
initial apicid	: 0
fdiv_bug	: no
hlt_bug		: no
f00f_bug	: no
coma_bug	: no
fpu		: yes
fpu_exception	: yes
cpuid level	: 13
wp		: yes
flags		: fpu vme de pse tsc msr pae mce cx8 apic mtrr pge mca cmov pat pse36 clflush dts acpi mmx fxsr sse sse2 ss ht tm pbe nx lm constant_tsc arch_perfmon pebs bts aperfmperf pni dtes64 monitor ds_cpl est tm2 ssse3 cx16 xtpr pdcm sse4_1 xsave lahf_lm dts
bogomips	: 3987.47
clflush size	: 64
cache_alignment	: 64
address sizes	: 36 bits physical, 48 bits virtual
power management:

processor	: 1
vendor_id	: GenuineIntel
cpu family	: 6
model		: 23
model name	: Intel(R) Core(TM)2 Duo CPU     T6400  @ 2.00GHz
stepping	: 10
cpu MHz		: 2000.000
cache size	: 2048 KB
physical id	: 0
siblings	: 2
core id		: 1
cpu cores	: 2
apicid		: 1
initial apicid	: 1
fdiv_bug	: no
hlt_bug		: no
f00f_bug	: no
coma_bug	: no
fpu		: yes
fpu_exception	: yes
cpuid level	: 13
wp		: yes
flags		: fpu vme de pse tsc msr pae mce cx8 apic mtrr pge mca cmov pat pse36 clflush dts acpi mmx fxsr sse sse2 ss ht tm pbe nx lm constant_tsc arch_perfmon pebs bts aperfmperf pni dtes64 monitor ds_cpl est tm2 ssse3 cx16 xtpr pdcm sse4_1 xsave lahf_lm dts
bogomips	: 3987.07
clflush size	: 64
cache_alignment	: 64
address sizes	: 36 bits physical, 48 bits virtual
power management:



Memory: 4k page, physical 2933260k(978312k free), swap 4028412k(3989340k free)

vm_info: Java HotSpot(TM) Server VM (20.1-b02) for linux-x86 JRE (1.6.0_26-b03), built on May  4 2011 01:04:10 by "java_re" with gcc 3.2.1-7a (J2SE release)

time: Sun Mar 25 04:43:37 2012
elapsed time: 3 seconds

