#
# A fatal error has been detected by the Java Runtime Environment:
#
#  SIGSEGV (0xb) at pc=0xb49efda0, pid=31542, tid=3077610352
#
# JRE version: 6.0_22-b22
# Java VM: OpenJDK Server VM (20.0-b11 mixed mode linux-x86 )
# Derivative: IcedTea6 1.10.4
# Distribution: Ubuntu 11.04, package 6b22-1.10.4-0ubuntu1~11.04.1
# Problematic frame:
# J  com.android.dx.dex.code.OutputFinisher.getAllConstants()Ljava/util/HashSet;
#
# If you would like to submit a bug report, please include
# instructions how to reproduce the bug and visit:
#   https://bugs.launchpad.net/ubuntu/+source/openjdk-6/
#

---------------  T H R E A D  ---------------

Current thread (0x08a8a800):  JavaThread "main" [_thread_in_Java, id=31555, stack(0xb76b9000,0xb770a000)]

siginfo:si_signo=SIGSEGV: si_errno=0, si_code=128 (), si_addr=0x00000000

Registers:
EAX=0x00000019, EBX=0x4c8965d8, ECX=0x00000001, EDX=0x9db36788
ESP=0xb7708df0, EBP=0x54ec22c0, ESI=0x08a8a800, EDI=0x00000000
EIP=0xb49efda0, EFLAGS=0x00210297, CR2=0xb771c000

Top of Stack: (sp=0xb7708df0)
0xb7708df0:   4cd18768 4cd14820 9db36750 08a8a800
0xb7708e00:   9db36750 9db36760 00000006 9db36580
0xb7708e10:   0000001c 5deecd00 00000000 5deecec8
0xb7708e20:   5c42dc80 54a37b78 4cd186f8 00000000
0xb7708e30:   5def11b8 5df0a998 00000000 b4942dfc
0xb7708e40:   00000005 5deed468 00000006 5deed4c0
0xb7708e50:   00000005 5df04768 4c88f8c0 5df04768
0xb7708e60:   b7708e70 004ed9b2 08a8a800 b49ea630 

Instructions: (pc=0xb49efda0)
0xb49efd80:   c5 0f 84 aa 1d 00 00 b9 a0 01 00 00 8b 89 38 7d
0xb49efd90:   84 4c 89 4c 24 34 8b 01 8b c8 83 e1 07 83 f9 05
0xb49efda0:   0f 85 34 1b 00 00 b9 20 fe 67 4c 8b 59 64 8b d3
0xb49efdb0:   8b 6c 24 0c 0b d5 8b ea 33 e8 f7 c5 87 ff ff ff 

Register to memory mapping:

EAX=0x00000019 is an unknown value
EBX=0x4c8965d8 is an oop
{method} 
 - klass: {other class}
ECX=0x00000001 is an unknown value
EDX=0x9db36788 is an oop
[Ljava.util.HashMap$Entry; 
 - klass: 'java/util/HashMap$Entry'[]
 - length: 32
ESP=0xb7708df0 is pointing into the stack for thread: 0x08a8a800
EBP=0x54ec22c0 is an oop
com.android.dx.rop.type.Type 
 - klass: 'com/android/dx/rop/type/Type'
ESI=0x08a8a800 is a thread
EDI=0x00000000 is an unknown value


Stack: [0xb76b9000,0xb770a000],  sp=0xb7708df0,  free space=319k
Native frames: (J=compiled Java code, j=interpreted, Vv=VM code, C=native code)
J  com.android.dx.dex.code.OutputFinisher.getAllConstants()Ljava/util/HashSet;


---------------  P R O C E S S  ---------------

Java Threads: ( => current thread )
  0x08b2e400 JavaThread "Low Memory Detector" daemon [_thread_blocked, id=31564, stack(0x4b8e2000,0x4b933000)]
  0x08b2ac00 JavaThread "C2 CompilerThread1" daemon [_thread_blocked, id=31563, stack(0x4b933000,0x4b9b4000)]
  0x08b28c00 JavaThread "C2 CompilerThread0" daemon [_thread_blocked, id=31562, stack(0x4b9b4000,0x4ba35000)]
  0x08b27400 JavaThread "Signal Dispatcher" daemon [_thread_blocked, id=31561, stack(0x4ba35000,0x4ba86000)]
  0x08b14800 JavaThread "Finalizer" daemon [_thread_blocked, id=31560, stack(0x4bc86000,0x4bcd7000)]
  0x08b13000 JavaThread "Reference Handler" daemon [_thread_blocked, id=31559, stack(0x4bcd7000,0x4bd28000)]
=>0x08a8a800 JavaThread "main" [_thread_in_Java, id=31555, stack(0xb76b9000,0xb770a000)]

Other Threads:
  0x08b0f400 VMThread [stack: 0x4bd28000,0x4bda9000] [id=31558]
  0x08b30000 WatcherThread [stack: 0x4b861000,0x4b8e2000] [id=31565]

VM state:not at safepoint (normal execution)

VM Mutex/Monitor currently owned by a thread: None

Heap
 PSYoungGen      total 399296K, used 155559K [0x945f0000, 0xb1290000, 0xb45f0000)
  eden space 334656K, 46% used [0x945f0000,0x9ddd9f40,0xa8cc0000)
  from space 64640K, 0% used [0xacd10000,0xacd10000,0xb0c30000)
  to   space 65856K, 0% used [0xa8cc0000,0xa8cc0000,0xacd10000)
 PSOldGen        total 303424K, used 212990K [0x545f0000, 0x66e40000, 0x945f0000)
  object space 303424K, 70% used [0x545f0000,0x615efbc0,0x66e40000)
 PSPermGen       total 16384K, used 7330K [0x4c5f0000, 0x4d5f0000, 0x545f0000)
  object space 16384K, 44% used [0x4c5f0000,0x4cd18818,0x4d5f0000)

Code Cache  [0xb46b9000, 0xb4a01000, 0xb76b9000)
 total_blobs=936 nmethods=832 adapters=58 free_code_cache=46999424 largest_free_block=44352

Dynamic libraries:
00110000-0026a000 r-xp 00000000 08:06 916546     /lib/i386-linux-gnu/libc-2.13.so
0026a000-0026b000 ---p 0015a000 08:06 916546     /lib/i386-linux-gnu/libc-2.13.so
0026b000-0026d000 r--p 0015a000 08:06 916546     /lib/i386-linux-gnu/libc-2.13.so
0026d000-0026e000 rw-p 0015c000 08:06 916546     /lib/i386-linux-gnu/libc-2.13.so
0026e000-00271000 rw-p 00000000 00:00 0 
00271000-00295000 r-xp 00000000 08:06 916583     /lib/i386-linux-gnu/libm-2.13.so
00295000-00296000 r--p 00023000 08:06 916583     /lib/i386-linux-gnu/libm-2.13.so
00296000-00297000 rw-p 00024000 08:06 916583     /lib/i386-linux-gnu/libm-2.13.so
00297000-002b1000 r-xp 00000000 08:06 916574     /lib/i386-linux-gnu/libgcc_s.so.1
002b1000-002b2000 r--p 00019000 08:06 916574     /lib/i386-linux-gnu/libgcc_s.so.1
002b2000-002b3000 rw-p 0001a000 08:06 916574     /lib/i386-linux-gnu/libgcc_s.so.1
002b3000-002bd000 r-xp 00000000 08:06 916592     /lib/i386-linux-gnu/libnss_files-2.13.so
002bd000-002be000 r--p 00009000 08:06 916592     /lib/i386-linux-gnu/libnss_files-2.13.so
002be000-002bf000 rw-p 0000a000 08:06 916592     /lib/i386-linux-gnu/libnss_files-2.13.so
002bf000-002c5000 r-xp 00000000 08:06 531453     /usr/lib/jvm/java-6-openjdk/jre/lib/i386/libzip.so
002c5000-002c6000 r--p 00005000 08:06 531453     /usr/lib/jvm/java-6-openjdk/jre/lib/i386/libzip.so
002c6000-002c7000 rw-p 00006000 08:06 531453     /usr/lib/jvm/java-6-openjdk/jre/lib/i386/libzip.so
003bb000-003ce000 r-xp 00000000 08:06 916586     /lib/i386-linux-gnu/libnsl-2.13.so
003ce000-003cf000 r--p 00012000 08:06 916586     /lib/i386-linux-gnu/libnsl-2.13.so
003cf000-003d0000 rw-p 00013000 08:06 916586     /lib/i386-linux-gnu/libnsl-2.13.so
003d0000-003d2000 rw-p 00000000 00:00 0 
004de000-004e5000 r-xp 00000000 08:06 916615     /lib/i386-linux-gnu/librt-2.13.so
004e5000-004e6000 r--p 00006000 08:06 916615     /lib/i386-linux-gnu/librt-2.13.so
004e6000-004e7000 rw-p 00007000 08:06 916615     /lib/i386-linux-gnu/librt-2.13.so
00521000-0053d000 r-xp 00000000 08:06 916533     /lib/i386-linux-gnu/ld-2.13.so
0053d000-0053e000 r--p 0001b000 08:06 916533     /lib/i386-linux-gnu/ld-2.13.so
0053e000-0053f000 rw-p 0001c000 08:06 916533     /lib/i386-linux-gnu/ld-2.13.so
0054c000-00557000 r-xp 00000000 08:06 531452     /usr/lib/jvm/java-6-openjdk/jre/lib/i386/libverify.so
00557000-00558000 ---p 0000b000 08:06 531452     /usr/lib/jvm/java-6-openjdk/jre/lib/i386/libverify.so
00558000-00559000 r--p 0000b000 08:06 531452     /usr/lib/jvm/java-6-openjdk/jre/lib/i386/libverify.so
00559000-0055a000 rw-p 0000c000 08:06 531452     /usr/lib/jvm/java-6-openjdk/jre/lib/i386/libverify.so
00723000-00802000 r-xp 00000000 08:06 529927     /usr/lib/i386-linux-gnu/libstdc++.so.6.0.14
00802000-00806000 r--p 000de000 08:06 529927     /usr/lib/i386-linux-gnu/libstdc++.so.6.0.14
00806000-00807000 rw-p 000e2000 08:06 529927     /usr/lib/i386-linux-gnu/libstdc++.so.6.0.14
00807000-0080e000 rw-p 00000000 00:00 0 
0084b000-00854000 r-xp 00000000 08:06 916596     /lib/i386-linux-gnu/libnss_nis-2.13.so
00854000-00855000 r--p 00008000 08:06 916596     /lib/i386-linux-gnu/libnss_nis-2.13.so
00855000-00856000 rw-p 00009000 08:06 916596     /lib/i386-linux-gnu/libnss_nis-2.13.so
00a9d000-00aa3000 r-xp 00000000 08:06 916588     /lib/i386-linux-gnu/libnss_compat-2.13.so
00aa3000-00aa4000 r--p 00005000 08:06 916588     /lib/i386-linux-gnu/libnss_compat-2.13.so
00aa4000-00aa5000 rw-p 00006000 08:06 916588     /lib/i386-linux-gnu/libnss_compat-2.13.so
00ca3000-00cc6000 r-xp 00000000 08:06 531425     /usr/lib/jvm/java-6-openjdk/jre/lib/i386/libjava.so
00cc6000-00cc7000 r--p 00022000 08:06 531425     /usr/lib/jvm/java-6-openjdk/jre/lib/i386/libjava.so
00cc7000-00cc9000 rw-p 00023000 08:06 531425     /usr/lib/jvm/java-6-openjdk/jre/lib/i386/libjava.so
00de6000-00dfb000 r-xp 00000000 08:06 916611     /lib/i386-linux-gnu/libpthread-2.13.so
00dfb000-00dfc000 r--p 00015000 08:06 916611     /lib/i386-linux-gnu/libpthread-2.13.so
00dfc000-00dfd000 rw-p 00016000 08:06 916611     /lib/i386-linux-gnu/libpthread-2.13.so
00dfd000-00dff000 rw-p 00000000 00:00 0 
00e6e000-00e81000 r-xp 00000000 08:06 916629     /lib/i386-linux-gnu/libz.so.1.2.3.4
00e81000-00e82000 r--p 00012000 08:06 916629     /lib/i386-linux-gnu/libz.so.1.2.3.4
00e82000-00e83000 rw-p 00013000 08:06 916629     /lib/i386-linux-gnu/libz.so.1.2.3.4
00f76000-00f79000 r-xp 00000000 08:06 531412     /usr/lib/jvm/java-6-openjdk/jre/lib/i386/jli/libjli.so
00f79000-00f7a000 r--p 00002000 08:06 531412     /usr/lib/jvm/java-6-openjdk/jre/lib/i386/jli/libjli.so
00f7a000-00f7b000 rw-p 00003000 08:06 531412     /usr/lib/jvm/java-6-openjdk/jre/lib/i386/jli/libjli.so
00fc8000-00fca000 r-xp 00000000 08:06 916556     /lib/i386-linux-gnu/libdl-2.13.so
00fca000-00fcb000 r--p 00001000 08:06 916556     /lib/i386-linux-gnu/libdl-2.13.so
00fcb000-00fcc000 rw-p 00002000 08:06 916556     /lib/i386-linux-gnu/libdl-2.13.so
00fec000-00fed000 r-xp 00000000 00:00 0          [vdso]
00fed000-016b3000 r-xp 00000000 08:06 531455     /usr/lib/jvm/java-6-openjdk/jre/lib/i386/server/libjvm.so
016b3000-016b4000 ---p 006c6000 08:06 531455     /usr/lib/jvm/java-6-openjdk/jre/lib/i386/server/libjvm.so
016b4000-016f9000 r--p 006c6000 08:06 531455     /usr/lib/jvm/java-6-openjdk/jre/lib/i386/server/libjvm.so
016f9000-01708000 rw-p 0070b000 08:06 531455     /usr/lib/jvm/java-6-openjdk/jre/lib/i386/server/libjvm.so
01708000-01b22000 rw-p 00000000 00:00 0 
08048000-08051000 r-xp 00000000 08:06 531479     /usr/lib/jvm/java-6-openjdk/jre/bin/java
08051000-08052000 r--p 00008000 08:06 531479     /usr/lib/jvm/java-6-openjdk/jre/bin/java
08052000-08053000 rw-p 00009000 08:06 531479     /usr/lib/jvm/java-6-openjdk/jre/bin/java
08a82000-0c0ae000 rw-p 00000000 00:00 0          [heap]
47600000-476fb000 rw-p 00000000 00:00 0 
476fb000-47700000 ---p 00000000 00:00 0 
47700000-477f1000 rw-p 00000000 00:00 0 
477f1000-47800000 ---p 00000000 00:00 0 
47800000-47a00000 rw-p 00000000 00:00 0 
47a00000-47af9000 rw-p 00000000 00:00 0 
47af9000-47b00000 ---p 00000000 00:00 0 
47b00000-47bf9000 rw-p 00000000 00:00 0 
47bf9000-47c00000 ---p 00000000 00:00 0 
47c00000-47cf9000 rw-p 00000000 00:00 0 
47cf9000-47d00000 ---p 00000000 00:00 0 
47d00000-47df9000 rw-p 00000000 00:00 0 
47df9000-47e00000 ---p 00000000 00:00 0 
47e00000-47ef9000 rw-p 00000000 00:00 0 
47ef9000-47f00000 ---p 00000000 00:00 0 
47f00000-47ff9000 rw-p 00000000 00:00 0 
47ff9000-48000000 ---p 00000000 00:00 0 
48000000-480f9000 rw-p 00000000 00:00 0 
480f9000-48100000 ---p 00000000 00:00 0 
48100000-481f9000 rw-p 00000000 00:00 0 
481f9000-48200000 ---p 00000000 00:00 0 
48200000-482f9000 rw-p 00000000 00:00 0 
482f9000-48300000 ---p 00000000 00:00 0 
48400000-484f6000 rw-p 00000000 00:00 0 
484f6000-48500000 ---p 00000000 00:00 0 
48500000-485f9000 rw-p 00000000 00:00 0 
485f9000-48600000 ---p 00000000 00:00 0 
48600000-486fa000 rw-p 00000000 00:00 0 
486fa000-48700000 ---p 00000000 00:00 0 
48700000-487f9000 rw-p 00000000 00:00 0 
487f9000-48800000 ---p 00000000 00:00 0 
48800000-489ff000 rw-p 00000000 00:00 0 
489ff000-48a00000 ---p 00000000 00:00 0 
48a00000-48c00000 rw-p 00000000 00:00 0 
48c00000-48e00000 rw-p 00000000 00:00 0 
48e00000-49000000 rw-p 00000000 00:00 0 
49000000-49200000 rw-p 00000000 00:00 0 
49200000-49400000 rw-p 00000000 00:00 0 
49400000-49600000 rw-p 00000000 00:00 0 
49600000-49800000 rw-p 00000000 00:00 0 
49800000-49a00000 rw-p 00000000 00:00 0 
49a00000-49c00000 rw-p 00000000 00:00 0 
49c00000-49d00000 rw-p 00000000 00:00 0 
49e00000-49efd000 rw-p 00000000 00:00 0 
49efd000-49f00000 ---p 00000000 00:00 0 
49f00000-49ff9000 rw-p 00000000 00:00 0 
49ff9000-4a000000 ---p 00000000 00:00 0 
4a000000-4a078000 rw-p 00000000 00:00 0 
4a078000-4a100000 ---p 00000000 00:00 0 
4a100000-4a198000 rw-p 00000000 00:00 0 
4a198000-4a200000 ---p 00000000 00:00 0 
4a200000-4a2fe000 rw-p 00000000 00:00 0 
4a2fe000-4a300000 ---p 00000000 00:00 0 
4a300000-4a3f6000 rw-p 00000000 00:00 0 
4a3f6000-4a400000 ---p 00000000 00:00 0 
4a400000-4a600000 rw-p 00000000 00:00 0 
4a600000-4a800000 rw-p 00000000 00:00 0 
4a800000-4aa00000 rw-p 00000000 00:00 0 
4aa00000-4ac00000 rw-p 00000000 00:00 0 
4ac00000-4acfe000 rw-p 00000000 00:00 0 
4acfe000-4ad00000 ---p 00000000 00:00 0 
4ad00000-4ae00000 rw-p 00000000 00:00 0 
4ae00000-4aef6000 rw-p 00000000 00:00 0 
4aef6000-4af00000 ---p 00000000 00:00 0 
4af00000-4affd000 rw-p 00000000 00:00 0 
4affd000-4b000000 ---p 00000000 00:00 0 
4b100000-4b1fd000 rw-p 00000000 00:00 0 
4b1fd000-4b200000 ---p 00000000 00:00 0 
4b200000-4b2f9000 rw-p 00000000 00:00 0 
4b2f9000-4b300000 ---p 00000000 00:00 0 
4b300000-4b4f5000 rw-p 00000000 00:00 0 
4b4f5000-4b500000 ---p 00000000 00:00 0 
4b500000-4b5f9000 rw-p 00000000 00:00 0 
4b5f9000-4b600000 ---p 00000000 00:00 0 
4b600000-4b6e3000 rw-p 00000000 00:00 0 
4b6e3000-4b700000 ---p 00000000 00:00 0 
4b700000-4b7fb000 rw-p 00000000 00:00 0 
4b7fb000-4b800000 ---p 00000000 00:00 0 
4b852000-4b855000 r--s 0007d000 08:06 531393     /usr/lib/jvm/java-6-openjdk/jre/lib/jsse.jar
4b855000-4b861000 r--s 000b1000 00:14 936838     /home/joseandro/Apps/android-sdk/platform-tools/lib/dx.jar
4b861000-4b862000 ---p 00000000 00:00 0 
4b862000-4b8e2000 rw-p 00000000 00:00 0 
4b8e2000-4b8e5000 ---p 00000000 00:00 0 
4b8e5000-4b933000 rw-p 00000000 00:00 0 
4b933000-4b936000 ---p 00000000 00:00 0 
4b936000-4b9b4000 rw-p 00000000 00:00 0 
4b9b4000-4b9b7000 ---p 00000000 00:00 0 
4b9b7000-4ba35000 rw-p 00000000 00:00 0 
4ba35000-4ba38000 ---p 00000000 00:00 0 
4ba38000-4ba86000 rw-p 00000000 00:00 0 
4ba86000-4bc86000 r--p 00000000 08:06 532636     /usr/lib/locale/locale-archive
4bc86000-4bc89000 ---p 00000000 00:00 0 
4bc89000-4bcd7000 rw-p 00000000 00:00 0 
4bcd7000-4bcda000 ---p 00000000 00:00 0 
4bcda000-4bd28000 rw-p 00000000 00:00 0 
4bd28000-4bd29000 ---p 00000000 00:00 0 
4bd29000-4bddc000 rw-p 00000000 00:00 0 
4bddc000-4bf6d000 r--s 037b1000 08:06 531407     /usr/lib/jvm/java-6-openjdk/jre/lib/rt.jar
4bf6d000-4bf6e000 ---p 00000000 00:00 0 
4bf6e000-4bfee000 rw-p 00000000 00:00 0 
4bfee000-4bfef000 ---p 00000000 00:00 0 
4bfef000-4c077000 rw-p 00000000 00:00 0 
4c077000-4c0af000 rw-p 00000000 00:00 0 
4c0af000-4c144000 rw-p 00000000 00:00 0 
4c144000-4c2af000 rw-p 00000000 00:00 0 
4c2af000-4c2b7000 rw-p 00000000 00:00 0 
4c2b7000-4c2ef000 rw-p 00000000 00:00 0 
4c2ef000-4c384000 rw-p 00000000 00:00 0 
4c384000-4c4ef000 rw-p 00000000 00:00 0 
4c4ef000-4c5d6000 rw-p 00000000 00:00 0 
4c5d6000-4c5ef000 rw-p 00000000 00:00 0 
4c5ef000-4d5f0000 rw-p 00000000 00:00 0 
4d5f0000-545f0000 rw-p 00000000 00:00 0 
545f0000-66e40000 rw-p 00000000 00:00 0 
66e40000-945f0000 rw-p 00000000 00:00 0 
945f0000-b1290000 rw-p 00000000 00:00 0 
b1290000-b45f0000 rw-p 00000000 00:00 0 
b45f1000-b45f9000 r--s 00066000 08:06 848398     /usr/share/java/gnome-java-bridge.jar
b45f9000-b4607000 rw-p 00000000 00:00 0 
b4607000-b46b9000 rw-p 00000000 00:00 0 
b46b9000-b4a01000 rwxp 00000000 00:00 0 
b4a01000-b76b9000 rw-p 00000000 00:00 0 
b76b9000-b76bc000 ---p 00000000 00:00 0 
b76bc000-b770d000 rw-p 00000000 00:00 0 
b770f000-b7712000 r--s 0000f000 08:06 531378     /usr/lib/jvm/java-6-openjdk/jre/lib/ext/pulse-java.jar
b7712000-b7713000 r--p 002a1000 08:06 532636     /usr/lib/locale/locale-archive
b7713000-b771b000 rw-s 00000000 08:06 394526     /tmp/hsperfdata_joseandro/31542
b771b000-b771c000 rw-p 00000000 00:00 0 
b771c000-b771d000 r--p 00000000 00:00 0 
b771d000-b771f000 rw-p 00000000 00:00 0 
bf9a5000-bf9db000 rw-p 00000000 00:00 0          [stack]

VM Arguments:
jvm_args: -Xmx1536M -XX:-UseGCOverheadLimit 
java_command: /home/joseandro/Apps/android-sdk/platform-tools/lib/dx.jar --dex --output=/home/joseandro/Apps/ConnectCRM/build/android/bin/classes.dex /home/joseandro/Apps/ConnectCRM/build/android/bin/classes /home/joseandro/.titanium/mobilesdk/linux/1.7.2/android/jaxen-1.1.1.jar /home/joseandro/.titanium/mobilesdk/linux/1.7.2/android/modules/titanium-ui.jar /home/joseandro/.titanium/mobilesdk/linux/1.7.2/android/ti-commons-codec-1.3.jar /home/joseandro/.titanium/mobilesdk/linux/1.7.2/android/modules/titanium-android.jar /home/joseandro/.titanium/mobilesdk/linux/1.7.2/android/modules/titanium-json.jar /home/joseandro/.titanium/mobilesdk/linux/1.7.2/android/modules/titanium-platform.jar /home/joseandro/.titanium/mobilesdk/linux/1.7.2/android/modules/titanium-locale.jar /home/joseandro/.titanium/mobilesdk/linux/1.7.2/android/modules/titanium-analytics.jar /home/joseandro/.titanium/mobilesdk/linux/1.7.2/android/modules/titanium-network.jar /home/joseandro/.titanium/mobilesdk/linux/1.7.2/android/modules/titanium-xml.jar /home/joseandro/.titanium/mobilesdk/linux/1.7.2/android/modules/titanium-database.jar /home/joseandro/.titanium/mobilesdk/linux/1.7.2/android/modules/titanium-app.jar /home/joseandro/.titanium/mobilesdk/linux/1.7.2/android/modules/titanium-geolocation.jar /home/joseandro/.titanium/mobilesdk/linux/1.7.2/android/modules/titanium-media.jar /home/joseandro/.titanium/mobilesdk/linux/1.7.2/android/titanium.jar /home/joseandro/.titanium/mobilesdk/linux/1.7.2/android/modules/titanium-api.jar /home/joseandro/.titanium/mobilesdk/linux/1.7.2/android/modules/titanium-filesystem.jar /home/joseandro/.titanium/mobilesdk/linux/1.7.2/android/lib/titanium-verify.jar /home/joseandro/.titanium/mobilesdk/linux/1.7.2/android/lib/titanium-debug.jar /home/joseandro/.titanium/mobilesdk/linux/1.7.2/android/js-debug.jar
Launcher Type: SUN_STANDARD

Environment Variables:
JAVA_HOME=/usr/lib/jvm/java-6-sun-1.6.0.06
PATH=/usr/local/sbin:/usr/local/bin:/usr/sbin:/usr/bin:/sbin:/bin:/usr/games:/usr/lib/jvm/java-6-sun-1.6.0.06/bin
USERNAME=joseandro
LD_LIBRARY_PATH=/usr/lib/jvm/java-6-openjdk/jre/lib/i386/server:/usr/lib/jvm/java-6-openjdk/jre/lib/i386:/usr/lib/jvm/java-6-openjdk/jre/../lib/i386:/usr/lib/jvm/java-6-openjdk/jre/lib/i386/client:/usr/lib/jvm/java-6-openjdk/jre/lib/i386:
SHELL=/bin/bash
DISPLAY=:0.0

Signal Handlers:
SIGSEGV: [libjvm.so+0x656fb0], sa_mask[0]=0x7ffbfeff, sa_flags=0x10000004
SIGBUS: [libjvm.so+0x656fb0], sa_mask[0]=0x7ffbfeff, sa_flags=0x10000004
SIGFPE: [libjvm.so+0x51d4d0], sa_mask[0]=0x7ffbfeff, sa_flags=0x10000004
SIGPIPE: [libjvm.so+0x51d4d0], sa_mask[0]=0x7ffbfeff, sa_flags=0x10000004
SIGXFSZ: [libjvm.so+0x51d4d0], sa_mask[0]=0x7ffbfeff, sa_flags=0x10000004
SIGILL: [libjvm.so+0x51d4d0], sa_mask[0]=0x7ffbfeff, sa_flags=0x10000004
SIGUSR1: SIG_DFL, sa_mask[0]=0x00000000, sa_flags=0x00000000
SIGUSR2: [libjvm.so+0x51d340], sa_mask[0]=0x00000004, sa_flags=0x10000004
SIGHUP: [libjvm.so+0x520130], sa_mask[0]=0x7ffbfeff, sa_flags=0x10000004
SIGINT: [libjvm.so+0x520130], sa_mask[0]=0x7ffbfeff, sa_flags=0x10000004
SIGTERM: [libjvm.so+0x520130], sa_mask[0]=0x7ffbfeff, sa_flags=0x10000004
SIGQUIT: [libjvm.so+0x520130], sa_mask[0]=0x7ffbfeff, sa_flags=0x10000004


---------------  S Y S T E M  ---------------

OS:Ubuntu 11.04 (natty)
uname:Linux 2.6.38-12-generic #51-Ubuntu SMP Wed Sep 28 14:25:20 UTC 2011 i686
libc:glibc 2.13 NPTL 2.13 
rlimit: STACK 8192k, CORE 0k, NPROC infinity, NOFILE 4096, AS infinity
load average:1.42 0.69 0.61

/proc/meminfo:
MemTotal:        2933260 kB
MemFree:           93592 kB
Buffers:           81628 kB
Cached:           921908 kB
SwapCached:           20 kB
Active:          1841928 kB
Inactive:         886036 kB
Active(anon):    1431140 kB
Inactive(anon):   466004 kB
Active(file):     410788 kB
Inactive(file):   420032 kB
Unevictable:          16 kB
Mlocked:              16 kB
HighTotal:       2071992 kB
HighFree:           7528 kB
LowTotal:         861268 kB
LowFree:           86064 kB
SwapTotal:       4028412 kB
SwapFree:        4028300 kB
Dirty:               108 kB
Writeback:             0 kB
AnonPages:       1724736 kB
Mapped:           122664 kB
Shmem:            172584 kB
Slab:              62308 kB
SReclaimable:      32464 kB
SUnreclaim:        29844 kB
KernelStack:        3864 kB
PageTables:         8784 kB
NFS_Unstable:          0 kB
Bounce:                0 kB
WritebackTmp:          0 kB
CommitLimit:     5495040 kB
Committed_AS:    4361468 kB
VmallocTotal:     122880 kB
VmallocUsed:       36572 kB
VmallocChunk:      27984 kB
HardwareCorrupted:     0 kB
HugePages_Total:       0
HugePages_Free:        0
HugePages_Rsvd:        0
HugePages_Surp:        0
Hugepagesize:       4096 kB
DirectMap4k:       16376 kB
DirectMap4M:      892928 kB


CPU:total 2 (2 cores per cpu, 1 threads per core) family 6 model 23 stepping 10, cmov, cx8, fxsr, mmx, sse, sse2, sse3, ssse3, sse4.1

Memory: 4k page, physical 2933260k(93592k free), swap 4028412k(4028300k free)

vm_info: OpenJDK Server VM (20.0-b11) for linux-x86 JRE (1.6.0_22-b22), built on Oct 25 2011 06:27:31 by "buildd" with gcc 4.5.2

time: Mon Nov 28 00:33:36 2011
elapsed time: 27 seconds

