#
# A fatal error has been detected by the Java Runtime Environment:
#
#  SIGSEGV (0xb) at pc=0xb4a47618, pid=6002, tid=3078331248
#
# JRE version: 6.0_22-b22
# Java VM: OpenJDK Server VM (20.0-b11 mixed mode linux-x86 )
# Derivative: IcedTea6 1.10.6
# Distribution: Ubuntu 11.04, package 6b22-1.10.6-0ubuntu1
# Problematic frame:
# J  com.android.dx.dex.code.OutputFinisher.addConstants(Ljava/util/HashSet;Lcom/android/dx/dex/code/DalvInsn;)V
#
# If you would like to submit a bug report, please include
# instructions how to reproduce the bug and visit:
#   https://bugs.launchpad.net/ubuntu/+source/openjdk-6/
#

---------------  T H R E A D  ---------------

Current thread (0x08d38400):  JavaThread "main" [_thread_in_Java, id=6015, stack(0xb7769000,0xb77ba000)]

siginfo:si_signo=SIGSEGV: si_errno=0, si_code=128 (), si_addr=0x00000000

Registers:
EAX=0x00000019, EBX=0x54aba4b8, ECX=0x00000001, EDX=0x587317d8
ESP=0xb77b8db0, EBP=0x547b7bd8, ESI=0xb77b8e14, EDI=0xb4a463c0
EIP=0xb4a47618, EFLAGS=0x00010297, CR2=0xb77cd000

Top of Stack: (sp=0xb77b8db0)
0xb77b8db0:   08d38400 00000000 08d38400 00000000
0xb77b8dc0:   992513b0 58730ec0 00000000 581bda38
0xb77b8dd0:   54aba4b8 b476bee1 00000014 992513c0
0xb77b8de0:   992513c0 992513b0 b77b8de8 4c82f702
0xb77b8df0:   b77b8e14 4c830398 4cc80f20 4c82f730
0xb77b8e00:   00000000 b77b8e10 b77b8e3c b476bee1
0xb77b8e10:   b476bee1 587317d8 992513b0 b77b8e1c
0xb77b8e20:   4ca62a6f b77b8e50 4ca64738 4cc7d4b8 

Instructions: (pc=0xb4a47618)
0xb4a475f8:   c5 0f 84 be 1c 00 00 b9 a0 01 00 00 8b 99 c8 b4
0xb4a47608:   8f 4c 89 5c 24 20 8b 03 8b c8 83 e1 07 83 f9 05
0xb4a47618:   0f 85 a4 1a 00 00 b9 b0 fe 72 4c 8b 59 64 8b d3
0xb4a47628:   8b 6c 24 08 0b d5 8b ea 33 e8 f7 c5 87 ff ff ff 

Register to memory mapping:

EAX=0x00000019 is an unknown value
EBX=0x54aba4b8 is an oop
java.util.HashMap 
 - klass: 'java/util/HashMap'
ECX=0x00000001 is an unknown value
EDX=0x587317d8 is an oop
com.android.dx.dex.code.LocalStart 
 - klass: 'com/android/dx/dex/code/LocalStart'
ESP=0xb77b8db0 is pointing into the stack for thread: 0x08d38400
EBP=0x547b7bd8 is an oop
com.android.dx.rop.type.Type 
 - klass: 'com/android/dx/rop/type/Type'
ESI=0xb77b8e14 is pointing into the stack for thread: 0x08d38400
EDI=0xb4a45f08 [CodeBlob (0xb4a45f08)]
Framesize: 24


Stack: [0xb7769000,0xb77ba000],  sp=0xb77b8db0,  free space=319k
Native frames: (J=compiled Java code, j=interpreted, Vv=VM code, C=native code)
J  com.android.dx.dex.code.OutputFinisher.addConstants(Ljava/util/HashSet;Lcom/android/dx/dex/code/DalvInsn;)V


---------------  P R O C E S S  ---------------

Java Threads: ( => current thread )
  0x08ddb000 JavaThread "Low Memory Detector" daemon [_thread_blocked, id=6024, stack(0x4b993000,0x4b9e4000)]
  0x08dd9000 JavaThread "C2 CompilerThread1" daemon [_thread_in_native, id=6023, stack(0x4b9e4000,0x4ba65000)]
  0x08dd6800 JavaThread "C2 CompilerThread0" daemon [_thread_in_native, id=6022, stack(0x4ba65000,0x4bae6000)]
  0x08dd5400 JavaThread "Signal Dispatcher" daemon [_thread_blocked, id=6021, stack(0x4bae6000,0x4bb37000)]
  0x08dc5800 JavaThread "Finalizer" daemon [_thread_blocked, id=6020, stack(0x4bd37000,0x4bd88000)]
  0x08dc1000 JavaThread "Reference Handler" daemon [_thread_blocked, id=6019, stack(0x4bd88000,0x4bdd9000)]
=>0x08d38400 JavaThread "main" [_thread_in_Java, id=6015, stack(0xb7769000,0xb77ba000)]

Other Threads:
  0x08dbd000 VMThread [stack: 0x4bdd9000,0x4be5a000] [id=6018]
  0x08ddd400 WatcherThread [stack: 0x4b912000,0x4b993000] [id=6025]

VM state:not at safepoint (normal execution)

VM Mutex/Monitor currently owned by a thread: None

Heap
 PSYoungGen      total 201920K, used 79425K [0x946a0000, 0xa6880000, 0xb46a0000)
  eden space 171328K, 46% used [0x946a0000,0x99430548,0x9edf0000)
  from space 30592K, 0% used [0x9edf0000,0x9edf0000,0xa0bd0000)
  to   space 32832K, 0% used [0xa4870000,0xa4870000,0xa6880000)
 PSOldGen        total 143296K, used 91583K [0x546a0000, 0x5d290000, 0x946a0000)
  object space 143296K, 63% used [0x546a0000,0x5a00fff0,0x5d290000)
 PSPermGen       total 16384K, used 6021K [0x4c6a0000, 0x4d6a0000, 0x546a0000)
  object space 16384K, 36% used [0x4c6a0000,0x4cc81610,0x4d6a0000)

Code Cache  [0xb4769000, 0xb4a51000, 0xb7769000)
 total_blobs=810 nmethods=705 adapters=59 free_code_cache=47459520 largest_free_block=62144

Dynamic libraries:
00110000-0026c000 r-xp 00000000 08:06 925080     /lib/i386-linux-gnu/libc-2.13.so
0026c000-0026e000 r--p 0015c000 08:06 925080     /lib/i386-linux-gnu/libc-2.13.so
0026e000-0026f000 rw-p 0015e000 08:06 925080     /lib/i386-linux-gnu/libc-2.13.so
0026f000-00272000 rw-p 00000000 00:00 0 
00272000-00279000 r-xp 00000000 08:06 927838     /lib/i386-linux-gnu/librt-2.13.so
00279000-0027a000 r--p 00006000 08:06 927838     /lib/i386-linux-gnu/librt-2.13.so
0027a000-0027b000 rw-p 00007000 08:06 927838     /lib/i386-linux-gnu/librt-2.13.so
0027b000-00286000 r-xp 00000000 08:06 531757     /usr/lib/jvm/java-6-openjdk/jre/lib/i386/libverify.so
00286000-00287000 ---p 0000b000 08:06 531757     /usr/lib/jvm/java-6-openjdk/jre/lib/i386/libverify.so
00287000-00288000 r--p 0000b000 08:06 531757     /usr/lib/jvm/java-6-openjdk/jre/lib/i386/libverify.so
00288000-00289000 rw-p 0000c000 08:06 531757     /usr/lib/jvm/java-6-openjdk/jre/lib/i386/libverify.so
00289000-002ac000 r-xp 00000000 08:06 531455     /usr/lib/jvm/java-6-openjdk/jre/lib/i386/libjava.so
002ac000-002ad000 r--p 00022000 08:06 531455     /usr/lib/jvm/java-6-openjdk/jre/lib/i386/libjava.so
002ad000-002af000 rw-p 00023000 08:06 531455     /usr/lib/jvm/java-6-openjdk/jre/lib/i386/libjava.so
002af000-002b5000 r-xp 00000000 08:06 927457     /lib/i386-linux-gnu/libnss_compat-2.13.so
002b5000-002b6000 r--p 00005000 08:06 927457     /lib/i386-linux-gnu/libnss_compat-2.13.so
002b6000-002b7000 rw-p 00006000 08:06 927457     /lib/i386-linux-gnu/libnss_compat-2.13.so
002b7000-002c0000 r-xp 00000000 08:06 927655     /lib/i386-linux-gnu/libnss_nis-2.13.so
002c0000-002c1000 r--p 00008000 08:06 927655     /lib/i386-linux-gnu/libnss_nis-2.13.so
002c1000-002c2000 rw-p 00009000 08:06 927655     /lib/i386-linux-gnu/libnss_nis-2.13.so
002fe000-00313000 r-xp 00000000 08:06 927706     /lib/i386-linux-gnu/libpthread-2.13.so
00313000-00314000 r--p 00015000 08:06 927706     /lib/i386-linux-gnu/libpthread-2.13.so
00314000-00315000 rw-p 00016000 08:06 927706     /lib/i386-linux-gnu/libpthread-2.13.so
00315000-00317000 rw-p 00000000 00:00 0 
00317000-003f6000 r-xp 00000000 08:06 529927     /usr/lib/i386-linux-gnu/libstdc++.so.6.0.14
003f6000-003fa000 r--p 000de000 08:06 529927     /usr/lib/i386-linux-gnu/libstdc++.so.6.0.14
003fa000-003fb000 rw-p 000e2000 08:06 529927     /usr/lib/i386-linux-gnu/libstdc++.so.6.0.14
003fb000-00402000 rw-p 00000000 00:00 0 
005c5000-005cf000 r-xp 00000000 08:06 927560     /lib/i386-linux-gnu/libnss_files-2.13.so
005cf000-005d0000 r--p 00009000 08:06 927560     /lib/i386-linux-gnu/libnss_files-2.13.so
005d0000-005d1000 rw-p 0000a000 08:06 927560     /lib/i386-linux-gnu/libnss_files-2.13.so
0068e000-0068f000 r-xp 00000000 00:00 0          [vdso]
006c8000-006e4000 r-xp 00000000 08:06 920394     /lib/i386-linux-gnu/ld-2.13.so
006e4000-006e5000 r--p 0001b000 08:06 920394     /lib/i386-linux-gnu/ld-2.13.so
006e5000-006e6000 rw-p 0001c000 08:06 920394     /lib/i386-linux-gnu/ld-2.13.so
00713000-0072d000 r-xp 00000000 08:06 916574     /lib/i386-linux-gnu/libgcc_s.so.1
0072d000-0072e000 r--p 00019000 08:06 916574     /lib/i386-linux-gnu/libgcc_s.so.1
0072e000-0072f000 rw-p 0001a000 08:06 916574     /lib/i386-linux-gnu/libgcc_s.so.1
00738000-0074b000 r-xp 00000000 08:06 927433     /lib/i386-linux-gnu/libnsl-2.13.so
0074b000-0074c000 r--p 00012000 08:06 927433     /lib/i386-linux-gnu/libnsl-2.13.so
0074c000-0074d000 rw-p 00013000 08:06 927433     /lib/i386-linux-gnu/libnsl-2.13.so
0074d000-0074f000 rw-p 00000000 00:00 0 
0097e000-00981000 r-xp 00000000 08:06 531432     /usr/lib/jvm/java-6-openjdk/jre/lib/i386/jli/libjli.so
00981000-00982000 r--p 00002000 08:06 531432     /usr/lib/jvm/java-6-openjdk/jre/lib/i386/jli/libjli.so
00982000-00983000 rw-p 00003000 08:06 531432     /usr/lib/jvm/java-6-openjdk/jre/lib/i386/jli/libjli.so
00c3b000-00c41000 r-xp 00000000 08:06 531758     /usr/lib/jvm/java-6-openjdk/jre/lib/i386/libzip.so
00c41000-00c42000 r--p 00005000 08:06 531758     /usr/lib/jvm/java-6-openjdk/jre/lib/i386/libzip.so
00c42000-00c43000 rw-p 00006000 08:06 531758     /usr/lib/jvm/java-6-openjdk/jre/lib/i386/libzip.so
00c90000-00cb4000 r-xp 00000000 08:06 927198     /lib/i386-linux-gnu/libm-2.13.so
00cb4000-00cb5000 r--p 00023000 08:06 927198     /lib/i386-linux-gnu/libm-2.13.so
00cb5000-00cb6000 rw-p 00024000 08:06 927198     /lib/i386-linux-gnu/libm-2.13.so
00d05000-00d07000 r-xp 00000000 08:06 927169     /lib/i386-linux-gnu/libdl-2.13.so
00d07000-00d08000 r--p 00001000 08:06 927169     /lib/i386-linux-gnu/libdl-2.13.so
00d08000-00d09000 rw-p 00002000 08:06 927169     /lib/i386-linux-gnu/libdl-2.13.so
00d69000-00d7c000 r-xp 00000000 08:06 916629     /lib/i386-linux-gnu/libz.so.1.2.3.4
00d7c000-00d7d000 r--p 00012000 08:06 916629     /lib/i386-linux-gnu/libz.so.1.2.3.4
00d7d000-00d7e000 rw-p 00013000 08:06 916629     /lib/i386-linux-gnu/libz.so.1.2.3.4
00d7e000-01445000 r-xp 00000000 08:06 531760     /usr/lib/jvm/java-6-openjdk/jre/lib/i386/server/libjvm.so
01445000-0148a000 r--p 006c6000 08:06 531760     /usr/lib/jvm/java-6-openjdk/jre/lib/i386/server/libjvm.so
0148a000-01499000 rw-p 0070b000 08:06 531760     /usr/lib/jvm/java-6-openjdk/jre/lib/i386/server/libjvm.so
01499000-018b3000 rw-p 00000000 00:00 0 
08048000-08051000 r-xp 00000000 08:06 531795     /usr/lib/jvm/java-6-openjdk/jre/bin/java
08051000-08052000 r--p 00008000 08:06 531795     /usr/lib/jvm/java-6-openjdk/jre/bin/java
08052000-08053000 rw-p 00009000 08:06 531795     /usr/lib/jvm/java-6-openjdk/jre/bin/java
08d30000-0fbfd000 rw-p 00000000 00:00 0          [heap]
43500000-435fa000 rw-p 00000000 00:00 0 
435fa000-43600000 ---p 00000000 00:00 0 
43700000-438f8000 rw-p 00000000 00:00 0 
438f8000-43900000 ---p 00000000 00:00 0 
43900000-439f9000 rw-p 00000000 00:00 0 
439f9000-43a00000 ---p 00000000 00:00 0 
43a00000-43af9000 rw-p 00000000 00:00 0 
43af9000-43b00000 ---p 00000000 00:00 0 
43b00000-43bf9000 rw-p 00000000 00:00 0 
43bf9000-43c00000 ---p 00000000 00:00 0 
43c00000-43cf9000 rw-p 00000000 00:00 0 
43cf9000-43d00000 ---p 00000000 00:00 0 
43d00000-43df9000 rw-p 00000000 00:00 0 
43df9000-43e00000 ---p 00000000 00:00 0 
43e00000-43ef9000 rw-p 00000000 00:00 0 
43ef9000-43f00000 ---p 00000000 00:00 0 
43f00000-43ff9000 rw-p 00000000 00:00 0 
43ff9000-44000000 ---p 00000000 00:00 0 
44000000-440f9000 rw-p 00000000 00:00 0 
440f9000-44100000 ---p 00000000 00:00 0 
44100000-441f9000 rw-p 00000000 00:00 0 
441f9000-44200000 ---p 00000000 00:00 0 
44200000-442f9000 rw-p 00000000 00:00 0 
442f9000-44300000 ---p 00000000 00:00 0 
44300000-443f9000 rw-p 00000000 00:00 0 
443f9000-44400000 ---p 00000000 00:00 0 
44400000-444f9000 rw-p 00000000 00:00 0 
444f9000-44500000 ---p 00000000 00:00 0 
44500000-445f9000 rw-p 00000000 00:00 0 
445f9000-44600000 ---p 00000000 00:00 0 
44600000-446f9000 rw-p 00000000 00:00 0 
446f9000-44700000 ---p 00000000 00:00 0 
44700000-447f9000 rw-p 00000000 00:00 0 
447f9000-44800000 ---p 00000000 00:00 0 
44800000-448f9000 rw-p 00000000 00:00 0 
448f9000-44900000 ---p 00000000 00:00 0 
44900000-449f9000 rw-p 00000000 00:00 0 
449f9000-44a00000 ---p 00000000 00:00 0 
44a00000-44af9000 rw-p 00000000 00:00 0 
44af9000-44b00000 ---p 00000000 00:00 0 
44b00000-44bf9000 rw-p 00000000 00:00 0 
44bf9000-44c00000 ---p 00000000 00:00 0 
44c00000-44cf9000 rw-p 00000000 00:00 0 
44cf9000-44d00000 ---p 00000000 00:00 0 
44d00000-44df9000 rw-p 00000000 00:00 0 
44df9000-44e00000 ---p 00000000 00:00 0 
44e00000-44ef9000 rw-p 00000000 00:00 0 
44ef9000-44f00000 ---p 00000000 00:00 0 
44f00000-44ff9000 rw-p 00000000 00:00 0 
44ff9000-45000000 ---p 00000000 00:00 0 
45000000-450f9000 rw-p 00000000 00:00 0 
450f9000-45100000 ---p 00000000 00:00 0 
45100000-451f9000 rw-p 00000000 00:00 0 
451f9000-45200000 ---p 00000000 00:00 0 
45200000-452f9000 rw-p 00000000 00:00 0 
452f9000-45300000 ---p 00000000 00:00 0 
45300000-453f9000 rw-p 00000000 00:00 0 
453f9000-45400000 ---p 00000000 00:00 0 
45400000-454f9000 rw-p 00000000 00:00 0 
454f9000-45500000 ---p 00000000 00:00 0 
45500000-455f9000 rw-p 00000000 00:00 0 
455f9000-45600000 ---p 00000000 00:00 0 
45600000-456f9000 rw-p 00000000 00:00 0 
456f9000-45700000 ---p 00000000 00:00 0 
45700000-457f9000 rw-p 00000000 00:00 0 
457f9000-45800000 ---p 00000000 00:00 0 
45800000-458f9000 rw-p 00000000 00:00 0 
458f9000-45900000 ---p 00000000 00:00 0 
45900000-459f9000 rw-p 00000000 00:00 0 
459f9000-45a00000 ---p 00000000 00:00 0 
45a00000-45af9000 rw-p 00000000 00:00 0 
45af9000-45b00000 ---p 00000000 00:00 0 
45b00000-45bf9000 rw-p 00000000 00:00 0 
45bf9000-45c00000 ---p 00000000 00:00 0 
45c00000-45cf9000 rw-p 00000000 00:00 0 
45cf9000-45d00000 ---p 00000000 00:00 0 
45d00000-45df9000 rw-p 00000000 00:00 0 
45df9000-45e00000 ---p 00000000 00:00 0 
45e00000-45ef9000 rw-p 00000000 00:00 0 
45ef9000-45f00000 ---p 00000000 00:00 0 
45f00000-45ff9000 rw-p 00000000 00:00 0 
45ff9000-46000000 ---p 00000000 00:00 0 
46000000-460f9000 rw-p 00000000 00:00 0 
460f9000-46100000 ---p 00000000 00:00 0 
46100000-461f9000 rw-p 00000000 00:00 0 
461f9000-46200000 ---p 00000000 00:00 0 
46200000-462f9000 rw-p 00000000 00:00 0 
462f9000-46300000 ---p 00000000 00:00 0 
46300000-463f9000 rw-p 00000000 00:00 0 
463f9000-46400000 ---p 00000000 00:00 0 
46400000-464f9000 rw-p 00000000 00:00 0 
464f9000-46500000 ---p 00000000 00:00 0 
46500000-465f9000 rw-p 00000000 00:00 0 
465f9000-46600000 ---p 00000000 00:00 0 
46600000-466f9000 rw-p 00000000 00:00 0 
466f9000-46700000 ---p 00000000 00:00 0 
46700000-467f9000 rw-p 00000000 00:00 0 
467f9000-46800000 ---p 00000000 00:00 0 
46800000-468f9000 rw-p 00000000 00:00 0 
468f9000-46900000 ---p 00000000 00:00 0 
46900000-469f9000 rw-p 00000000 00:00 0 
469f9000-46a00000 ---p 00000000 00:00 0 
46a00000-46af9000 rw-p 00000000 00:00 0 
46af9000-46b00000 ---p 00000000 00:00 0 
46b00000-46bf9000 rw-p 00000000 00:00 0 
46bf9000-46c00000 ---p 00000000 00:00 0 
46c00000-46cf9000 rw-p 00000000 00:00 0 
46cf9000-46d00000 ---p 00000000 00:00 0 
46d00000-46df9000 rw-p 00000000 00:00 0 
46df9000-46e00000 ---p 00000000 00:00 0 
46e00000-46ef9000 rw-p 00000000 00:00 0 
46ef9000-46f00000 ---p 00000000 00:00 0 
46f00000-46ff9000 rw-p 00000000 00:00 0 
46ff9000-47000000 ---p 00000000 00:00 0 
47000000-470f9000 rw-p 00000000 00:00 0 
470f9000-47100000 ---p 00000000 00:00 0 
47100000-471f9000 rw-p 00000000 00:00 0 
471f9000-47200000 ---p 00000000 00:00 0 
47200000-472f9000 rw-p 00000000 00:00 0 
472f9000-47300000 ---p 00000000 00:00 0 
47300000-473f9000 rw-p 00000000 00:00 0 
473f9000-47400000 ---p 00000000 00:00 0 
47400000-474f9000 rw-p 00000000 00:00 0 
474f9000-47500000 ---p 00000000 00:00 0 
47500000-475f9000 rw-p 00000000 00:00 0 
475f9000-47600000 ---p 00000000 00:00 0 
47600000-476f9000 rw-p 00000000 00:00 0 
476f9000-47700000 ---p 00000000 00:00 0 
47700000-477f9000 rw-p 00000000 00:00 0 
477f9000-47800000 ---p 00000000 00:00 0 
47800000-478f9000 rw-p 00000000 00:00 0 
478f9000-47900000 ---p 00000000 00:00 0 
47900000-479f9000 rw-p 00000000 00:00 0 
479f9000-47a00000 ---p 00000000 00:00 0 
47b00000-47bf6000 rw-p 00000000 00:00 0 
47bf6000-47c00000 ---p 00000000 00:00 0 
47d00000-47f00000 rw-p 00000000 00:00 0 
47f00000-48100000 rw-p 00000000 00:00 0 
48100000-48300000 rw-p 00000000 00:00 0 
48300000-48500000 rw-p 00000000 00:00 0 
48500000-48700000 rw-p 00000000 00:00 0 
48700000-48900000 rw-p 00000000 00:00 0 
48900000-48b00000 rw-p 00000000 00:00 0 
48b00000-48d00000 rw-p 00000000 00:00 0 
48d00000-48f00000 rw-p 00000000 00:00 0 
48f00000-49100000 rw-p 00000000 00:00 0 
49100000-49300000 rw-p 00000000 00:00 0 
49300000-49500000 rw-p 00000000 00:00 0 
49500000-49700000 rw-p 00000000 00:00 0 
49700000-49900000 rw-p 00000000 00:00 0 
49900000-49b00000 rw-p 00000000 00:00 0 
49b00000-49d00000 rw-p 00000000 00:00 0 
49d00000-49f00000 rw-p 00000000 00:00 0 
49f00000-4a100000 rw-p 00000000 00:00 0 
4a100000-4a1fd000 rw-p 00000000 00:00 0 
4a1fd000-4a200000 ---p 00000000 00:00 0 
4a200000-4a300000 rw-p 00000000 00:00 0 
4a300000-4a3f9000 rw-p 00000000 00:00 0 
4a3f9000-4a400000 ---p 00000000 00:00 0 
4a400000-4a4f0000 rw-p 00000000 00:00 0 
4a4f0000-4a500000 ---p 00000000 00:00 0 
4a500000-4a5f3000 rw-p 00000000 00:00 0 
4a5f3000-4a600000 ---p 00000000 00:00 0 
4a600000-4a6ff000 rw-p 00000000 00:00 0 
4a6ff000-4a700000 ---p 00000000 00:00 0 
4a700000-4a7ff000 rw-p 00000000 00:00 0 
4a7ff000-4a800000 ---p 00000000 00:00 0 
4a800000-4a8f2000 rw-p 00000000 00:00 0 
4a8f2000-4a900000 ---p 00000000 00:00 0 
4a900000-4a9f7000 rw-p 00000000 00:00 0 
4a9f7000-4aa00000 ---p 00000000 00:00 0 
4ab00000-4abff000 rw-p 00000000 00:00 0 
4abff000-4ac00000 ---p 00000000 00:00 0 
4ac00000-4aced000 rw-p 00000000 00:00 0 
4aced000-4ad00000 ---p 00000000 00:00 0 
4ad00000-4aef3000 rw-p 00000000 00:00 0 
4aef3000-4af00000 ---p 00000000 00:00 0 
4af00000-4affd000 rw-p 00000000 00:00 0 
4affd000-4b000000 ---p 00000000 00:00 0 
4b000000-4b0ed000 rw-p 00000000 00:00 0 
4b0ed000-4b100000 ---p 00000000 00:00 0 
4b100000-4b1f9000 rw-p 00000000 00:00 0 
4b1f9000-4b200000 ---p 00000000 00:00 0 
4b200000-4b2ff000 rw-p 00000000 00:00 0 
4b2ff000-4b300000 ---p 00000000 00:00 0 
4b300000-4b3e0000 rw-p 00000000 00:00 0 
4b3e0000-4b400000 ---p 00000000 00:00 0 
4b400000-4b4f9000 rw-p 00000000 00:00 0 
4b4f9000-4b500000 ---p 00000000 00:00 0 
4b500000-4b600000 rw-p 00000000 00:00 0 
4b600000-4b7fe000 rw-p 00000000 00:00 0 
4b7fe000-4b800000 ---p 00000000 00:00 0 
4b800000-4b8fe000 rw-p 00000000 00:00 0 
4b8fe000-4b900000 ---p 00000000 00:00 0 
4b903000-4b912000 r--s 000e3000 08:06 1070121    /home/jo/Apps/android-sdk/platform-tools/lib/dx.jar
4b912000-4b913000 ---p 00000000 00:00 0 
4b913000-4b993000 rw-p 00000000 00:00 0 
4b993000-4b996000 ---p 00000000 00:00 0 
4b996000-4b9e4000 rw-p 00000000 00:00 0 
4b9e4000-4b9e7000 ---p 00000000 00:00 0 
4b9e7000-4ba65000 rw-p 00000000 00:00 0 
4ba65000-4ba68000 ---p 00000000 00:00 0 
4ba68000-4bae6000 rw-p 00000000 00:00 0 
4bae6000-4bae9000 ---p 00000000 00:00 0 
4bae9000-4bb37000 rw-p 00000000 00:00 0 
4bb37000-4bd37000 r--p 00000000 08:06 532636     /usr/lib/locale/locale-archive
4bd37000-4bd3a000 ---p 00000000 00:00 0 
4bd3a000-4bd88000 rw-p 00000000 00:00 0 
4bd88000-4bd8b000 ---p 00000000 00:00 0 
4bd8b000-4bdd9000 rw-p 00000000 00:00 0 
4bdd9000-4bdda000 ---p 00000000 00:00 0 
4bdda000-4be8d000 rw-p 00000000 00:00 0 
4be8d000-4c01d000 r--s 037b3000 08:06 530697     /usr/lib/jvm/java-6-openjdk/jre/lib/rt.jar
4c01d000-4c01e000 ---p 00000000 00:00 0 
4c01e000-4c09e000 rw-p 00000000 00:00 0 
4c09e000-4c09f000 ---p 00000000 00:00 0 
4c09f000-4c127000 rw-p 00000000 00:00 0 
4c127000-4c15f000 rw-p 00000000 00:00 0 
4c15f000-4c1a5000 rw-p 00000000 00:00 0 
4c1a5000-4c35f000 rw-p 00000000 00:00 0 
4c35f000-4c367000 rw-p 00000000 00:00 0 
4c367000-4c39f000 rw-p 00000000 00:00 0 
4c39f000-4c3e5000 rw-p 00000000 00:00 0 
4c3e5000-4c59f000 rw-p 00000000 00:00 0 
4c59f000-4c630000 rw-p 00000000 00:00 0 
4c630000-4c69f000 rw-p 00000000 00:00 0 
4c69f000-4d6a0000 rw-p 00000000 00:00 0 
4d6a0000-546a0000 rw-p 00000000 00:00 0 
546a0000-5d290000 rw-p 00000000 00:00 0 
5d290000-946a0000 rw-p 00000000 00:00 0 
946a0000-a6880000 rw-p 00000000 00:00 0 
a6880000-b46a0000 rw-p 00000000 00:00 0 
b46a1000-b46a9000 r--s 00066000 08:06 848398     /usr/share/java/gnome-java-bridge.jar
b46a9000-b46b5000 rw-p 00000000 00:00 0 
b46b5000-b4769000 rw-p 00000000 00:00 0 
b4769000-b4a51000 rwxp 00000000 00:00 0 
b4a51000-b7769000 rw-p 00000000 00:00 0 
b7769000-b776c000 ---p 00000000 00:00 0 
b776c000-b77bd000 rw-p 00000000 00:00 0 
b77bd000-b77c0000 r--s 0007d000 08:06 531121     /usr/lib/jvm/java-6-openjdk/jre/lib/jsse.jar
b77c0000-b77c3000 r--s 0000f000 08:06 530921     /usr/lib/jvm/java-6-openjdk/jre/lib/ext/pulse-java.jar
b77c3000-b77c4000 r--p 002a1000 08:06 532636     /usr/lib/locale/locale-archive
b77c4000-b77cc000 rw-s 00000000 08:06 393361     /tmp/hsperfdata_jo/6002
b77cc000-b77cd000 rw-p 00000000 00:00 0 
b77cd000-b77ce000 r--p 00000000 00:00 0 
b77ce000-b77d0000 rw-p 00000000 00:00 0 
bfcb1000-bfce7000 rw-p 00000000 00:00 0          [stack]

VM Arguments:
jvm_args: -Xmx1536M -XX:-UseGCOverheadLimit 
java_command: /home/jo/Apps/android-sdk/platform-tools/lib/dx.jar --dex --output=/home/jo/omadi/omadi_mobile/build/android/bin/classes.dex /home/jo/omadi/omadi_mobile/build/android/bin/classes /home/jo/.titanium/mobilesdk/linux/1.8.1/android/modules/titanium-xml.jar /home/jo/.titanium/mobilesdk/linux/1.8.1/android/modules/titanium-platform.jar /home/jo/.titanium/mobilesdk/linux/1.8.1/android/kroll-v8.jar /home/jo/.titanium/mobilesdk/linux/1.8.1/android/modules/titanium-locale.jar /home/jo/.titanium/mobilesdk/linux/1.8.1/android/ti-commons-codec-1.3.jar /home/jo/.titanium/mobilesdk/linux/1.8.1/android/modules/titanium-ui.jar /home/jo/.titanium/mobilesdk/linux/1.8.1/android/modules/titanium-geolocation.jar /home/jo/.titanium/mobilesdk/linux/1.8.1/android/modules/titanium-utils.jar /home/jo/.titanium/mobilesdk/linux/1.8.1/android/modules/titanium-media.jar /home/jo/.titanium/mobilesdk/linux/1.8.1/android/kroll-common.jar /home/jo/.titanium/mobilesdk/linux/1.8.1/android/modules/titanium-analytics.jar /home/jo/.titanium/mobilesdk/linux/1.8.1/android/modules/titanium-network.jar /home/jo/.titanium/mobilesdk/linux/1.8.1/android/android-support-v4.jar /home/jo/.titanium/mobilesdk/linux/1.8.1/android/modules/titanium-app.jar /home/jo/.titanium/mobilesdk/linux/1.8.1/android/modules/titanium-database.jar /home/jo/.titanium/mobilesdk/linux/1.8.1/android/titanium.jar /home/jo/.titanium/mobilesdk/linux/1.8.1/android/jaxen-1.1.1.jar /home/jo/.titanium/mobilesdk/linux/1.8.1/android/thirdparty.jar /home/jo/.titanium/mobilesdk/linux/1.8.1/android/modules/titanium-filesystem.jar /home/jo/.titanium/mobilesdk/linux/1.8.1/android/modules/titanium-android.jar
Launcher Type: SUN_STANDARD

Environment Variables:
JAVA_HOME=/usr/lib/jvm/java-6-sun-1.6.0.06
PATH=/usr/local/sbin:/usr/local/bin:/usr/sbin:/usr/bin:/sbin:/bin:/usr/games:/usr/lib/jvm/java-6-sun-1.6.0.06/bin
USERNAME=jo
LD_LIBRARY_PATH=/usr/lib/jvm/java-6-openjdk/jre/lib/i386/server:/usr/lib/jvm/java-6-openjdk/jre/lib/i386:/usr/lib/jvm/java-6-openjdk/jre/../lib/i386:/usr/lib/jvm/java-6-openjdk/jre/lib/i386/client:/usr/lib/jvm/java-6-openjdk/jre/lib/i386:
SHELL=/bin/bash
DISPLAY=:0.0

Signal Handlers:
SIGSEGV: [libjvm.so+0x657420], sa_mask[0]=0x7ffbfeff, sa_flags=0x10000004
SIGBUS: [libjvm.so+0x657420], sa_mask[0]=0x7ffbfeff, sa_flags=0x10000004
SIGFPE: [libjvm.so+0x51d550], sa_mask[0]=0x7ffbfeff, sa_flags=0x10000004
SIGPIPE: [libjvm.so+0x51d550], sa_mask[0]=0x7ffbfeff, sa_flags=0x10000004
SIGXFSZ: [libjvm.so+0x51d550], sa_mask[0]=0x7ffbfeff, sa_flags=0x10000004
SIGILL: [libjvm.so+0x51d550], sa_mask[0]=0x7ffbfeff, sa_flags=0x10000004
SIGUSR1: SIG_DFL, sa_mask[0]=0x00000000, sa_flags=0x00000000
SIGUSR2: [libjvm.so+0x51d3c0], sa_mask[0]=0x00000004, sa_flags=0x10000004
SIGHUP: [libjvm.so+0x5201b0], sa_mask[0]=0x7ffbfeff, sa_flags=0x10000004
SIGINT: [libjvm.so+0x5201b0], sa_mask[0]=0x7ffbfeff, sa_flags=0x10000004
SIGTERM: [libjvm.so+0x5201b0], sa_mask[0]=0x7ffbfeff, sa_flags=0x10000004
SIGQUIT: [libjvm.so+0x5201b0], sa_mask[0]=0x7ffbfeff, sa_flags=0x10000004


---------------  S Y S T E M  ---------------

OS:Ubuntu 11.04 (natty)
uname:Linux 2.6.38-14-generic #58-Ubuntu SMP Tue Mar 27 18:48:46 UTC 2012 i686
libc:glibc 2.13 NPTL 2.13 
rlimit: STACK 8192k, CORE 0k, NPROC infinity, NOFILE 4096, AS infinity
load average:2.25 0.86 0.49

/proc/meminfo:
MemTotal:        2933260 kB
MemFree:           90644 kB
Buffers:           28872 kB
Cached:           598652 kB
SwapCached:        28456 kB
Active:          1793256 kB
Inactive:         938352 kB
Active(anon):    1580276 kB
Inactive(anon):   729644 kB
Active(file):     212980 kB
Inactive(file):   208708 kB
Unevictable:          32 kB
Mlocked:              32 kB
HighTotal:       2071992 kB
HighFree:           7308 kB
LowTotal:         861268 kB
LowFree:           83336 kB
SwapTotal:       4028412 kB
SwapFree:        3788664 kB
Dirty:               260 kB
Writeback:             0 kB
AnonPages:       2079812 kB
Mapped:           166092 kB
Shmem:            205708 kB
Slab:              59528 kB
SReclaimable:      35796 kB
SUnreclaim:        23732 kB
KernelStack:        4600 kB
PageTables:        12388 kB
NFS_Unstable:          0 kB
Bounce:                0 kB
WritebackTmp:          0 kB
CommitLimit:     5495040 kB
Committed_AS:    5796204 kB
VmallocTotal:     122880 kB
VmallocUsed:       36500 kB
VmallocChunk:      28608 kB
HardwareCorrupted:     0 kB
HugePages_Total:       0
HugePages_Free:        0
HugePages_Rsvd:        0
HugePages_Surp:        0
Hugepagesize:       4096 kB
DirectMap4k:       16376 kB
DirectMap4M:      892928 kB


CPU:total 2 (2 cores per cpu, 1 threads per core) family 6 model 23 stepping 10, cmov, cx8, fxsr, mmx, sse, sse2, sse3, ssse3, sse4.1

Memory: 4k page, physical 2933260k(90644k free), swap 4028412k(3788664k free)

vm_info: OpenJDK Server VM (20.0-b11) for linux-x86 JRE (1.6.0_22-b22), built on Feb 21 2012 00:20:24 by "buildd" with gcc 4.5.2

time: Mon Apr 30 12:34:02 2012
elapsed time: 16 seconds

