0 info it worked if it ends with ok
1 verbose cli [ 'node',
1 verbose cli   '/usr/local/bin/npm',
1 verbose cli   'install',
1 verbose cli   'https://github.com/chaijs/assertion-erro' ]
2 info using npm@2.11.3
3 info using node@v0.12.7
4 verbose install initial load of /Users/mikemeyer/Projects/omadi_mobile_test/package.json
5 warn package.json omadi-appium@1.0.0 No repository field.
6 warn package.json omadi-appium@1.0.0 No README data
7 warn package.json omadi-appium@1.0.0 No license field.
8 verbose installManyTop reading scoped package data from /Users/mikemeyer/Projects/omadi_mobile_test/node_modules/assert/package.json
9 verbose installManyTop reading scoped package data from /Users/mikemeyer/Projects/omadi_mobile_test/node_modules/chai/package.json
10 verbose installManyTop reading scoped package data from /Users/mikemeyer/Projects/omadi_mobile_test/node_modules/chai-as-promised/package.json
11 verbose installManyTop reading scoped package data from /Users/mikemeyer/Projects/omadi_mobile_test/node_modules/colors/package.json
12 verbose installManyTop reading scoped package data from /Users/mikemeyer/Projects/omadi_mobile_test/node_modules/expect/package.json
13 verbose installManyTop reading scoped package data from /Users/mikemeyer/Projects/omadi_mobile_test/node_modules/jscheck/package.json
14 verbose installManyTop reading scoped package data from /Users/mikemeyer/Projects/omadi_mobile_test/node_modules/mocha/package.json
15 verbose installManyTop reading scoped package data from /Users/mikemeyer/Projects/omadi_mobile_test/node_modules/mocha-lcov-reporter/package.json
16 verbose installManyTop reading scoped package data from /Users/mikemeyer/Projects/omadi_mobile_test/node_modules/q/package.json
17 verbose installManyTop reading scoped package data from /Users/mikemeyer/Projects/omadi_mobile_test/node_modules/should/package.json
18 verbose installManyTop reading scoped package data from /Users/mikemeyer/Projects/omadi_mobile_test/node_modules/underscore/package.json
19 verbose installManyTop reading scoped package data from /Users/mikemeyer/Projects/omadi_mobile_test/node_modules/wd/package.json
20 verbose installManyTop reading scoped package data from /Users/mikemeyer/Projects/omadi_mobile_test/node_modules/yiewd/package.json
21 info package.json q@1.4.1 license should be a valid SPDX license expression
22 info package.json jscheck@0.2.0 license should be a valid SPDX license expression
23 info package.json assert@1.3.0 assert is also the name of a node core module.
24 info package.json yiewd@0.6.0 No license field.
25 verbose readDependencies loading dependencies from /Users/mikemeyer/Projects/omadi_mobile_test/package.json
26 silly cache add args [ 'https://github.com/chaijs/assertion-erro', null ]
27 verbose cache add spec https://github.com/chaijs/assertion-erro
28 silly cache add parsed spec { raw: 'https://github.com/chaijs/assertion-erro',
28 silly cache add   scope: null,
28 silly cache add   name: null,
28 silly cache add   rawSpec: 'https://github.com/chaijs/assertion-erro',
28 silly cache add   spec: 'git+https://github.com/chaijs/assertion-erro.git',
28 silly cache add   type: 'hosted',
28 silly cache add   hosted:
28 silly cache add    { type: 'github',
28 silly cache add      ssh: 'git@github.com:chaijs/assertion-erro.git',
28 silly cache add      sshUrl: 'git+ssh://git@github.com/chaijs/assertion-erro.git',
28 silly cache add      httpsUrl: 'git+https://github.com/chaijs/assertion-erro.git',
28 silly cache add      gitUrl: 'git://github.com/chaijs/assertion-erro.git',
28 silly cache add      shortcut: 'github:chaijs/assertion-erro',
28 silly cache add      directUrl: 'https://raw.githubusercontent.com/chaijs/assertion-erro/master/package.json' } }
29 verbose addRemoteGit caching https://github.com/chaijs/assertion-erro
30 verbose addRemoteGit git+https://github.com/chaijs/assertion-erro.git is a repository hosted by github
31 silly tryClone cloning git+https://github.com/chaijs/assertion-erro.git via git+https://github.com/chaijs/assertion-erro.git
32 verbose tryClone https-github-com-chaijs-assertion-erro-git-a15539e3 not in flight; caching
33 info git [ 'clone',
33 info git   '--template=/Users/mikemeyer/.npm/_git-remotes/_templates',
33 info git   '--mirror',
33 info git   'https://github.com/chaijs/assertion-erro.git',
33 info git   '/Users/mikemeyer/.npm/_git-remotes/https-github-com-chaijs-assertion-erro-git-a15539e3' ]
34 error git clone --template=/Users/mikemeyer/.npm/_git-remotes/_templates --mirror https://github.com/chaijs/assertion-erro.git /Users/mikemeyer/.npm/_git-remotes/https-github-com-chaijs-assertion-erro-git-a15539e3: Cloning into bare repository '/Users/mikemeyer/.npm/_git-remotes/https-github-com-chaijs-assertion-erro-git-a15539e3'...
34 error git clone --template=/Users/mikemeyer/.npm/_git-remotes/_templates --mirror https://github.com/chaijs/assertion-erro.git /Users/mikemeyer/.npm/_git-remotes/https-github-com-chaijs-assertion-erro-git-a15539e3: remote: Invalid username or password.
34 error git clone --template=/Users/mikemeyer/.npm/_git-remotes/_templates --mirror https://github.com/chaijs/assertion-erro.git /Users/mikemeyer/.npm/_git-remotes/https-github-com-chaijs-assertion-erro-git-a15539e3: fatal: Authentication failed for 'https://github.com/chaijs/assertion-erro.git/'
35 verbose stack Error: Command failed: git clone --template=/Users/mikemeyer/.npm/_git-remotes/_templates --mirror https://github.com/chaijs/assertion-erro.git /Users/mikemeyer/.npm/_git-remotes/https-github-com-chaijs-assertion-erro-git-a15539e3
35 verbose stack Cloning into bare repository '/Users/mikemeyer/.npm/_git-remotes/https-github-com-chaijs-assertion-erro-git-a15539e3'...
35 verbose stack remote: Invalid username or password.
35 verbose stack fatal: Authentication failed for 'https://github.com/chaijs/assertion-erro.git/'
35 verbose stack
35 verbose stack     at ChildProcess.exithandler (child_process.js:751:12)
35 verbose stack     at ChildProcess.emit (events.js:110:17)
35 verbose stack     at maybeClose (child_process.js:1015:16)
35 verbose stack     at Socket.<anonymous> (child_process.js:1183:11)
35 verbose stack     at Socket.emit (events.js:107:17)
35 verbose stack     at Pipe.close (net.js:485:12)
36 verbose cwd /Users/mikemeyer/Projects/omadi_mobile_test
37 error Darwin 14.5.0
38 error argv "node" "/usr/local/bin/npm" "install" "https://github.com/chaijs/assertion-erro"
39 error node v0.12.7
40 error npm  v2.11.3
41 error code 128
42 error Command failed: git clone --template=/Users/mikemeyer/.npm/_git-remotes/_templates --mirror https://github.com/chaijs/assertion-erro.git /Users/mikemeyer/.npm/_git-remotes/https-github-com-chaijs-assertion-erro-git-a15539e3
42 error Cloning into bare repository '/Users/mikemeyer/.npm/_git-remotes/https-github-com-chaijs-assertion-erro-git-a15539e3'...
42 error remote: Invalid username or password.
42 error fatal: Authentication failed for 'https://github.com/chaijs/assertion-erro.git/'
43 error If you need help, you may report this error at:
43 error     <https://github.com/npm/npm/issues>
44 verbose exit [ 1, true ]
